#
# A fatal error has been detected by the Java Runtime Environment:
#
#  EXCEPTION_ACCESS_VIOLATION (0xc0000005) at pc=0x0000000070b8a6d3, pid=4240, tid=0x0000000000001ae4
#
# JRE version: Java(TM) SE Runtime Environment (8.0_171-b11) (build 1.8.0_171-b11)
# Java VM: Java HotSpot(TM) 64-Bit Server VM (25.171-b11 mixed mode windows-amd64 compressed oops)
# Problematic frame:
# V  [jvm.dll+0x14a6d3]
#
# Failed to write core dump. Minidumps are not enabled by default on client versions of Windows
#
# If you would like to submit a bug report, please visit:
#   http://bugreport.java.com/bugreport/crash.jsp
#

---------------  T H R E A D  ---------------

Current thread (0x0000000002618000):  JavaThread "main" [_thread_in_vm, id=6884, stack(0x0000000002880000,0x0000000002980000)]

siginfo: ExceptionCode=0xc0000005, reading address 0x0000000000000000

Registers:
RAX=0x00000000575ff968, RBX=0x0000000016c716d0, RCX=0x0000000000000000, RDX=0x00000000575ff950
RSP=0x000000000297efb0, RBP=0x000000000297f1b8, RSI=0x00000000026181f8, RDI=0x0000000002618000
R8 =0x0000000000000003, R9 =0x0000000000000000, R10=0x0000000002618000, R11=0x0000000000000006
R12=0x0000000000000000, R13=0x0000000057070ce8, R14=0x000000000297f1e0, R15=0x0000000002618000
RIP=0x0000000070b8a6d3, EFLAGS=0x0000000000010206

Top of Stack: (sp=0x000000000297efb0)
0x000000000297efb0:   00000000026181f8 0000000016c716d0
0x000000000297efc0:   000000000297f1b8 0000000002618000
0x000000000297efd0:   0000000002617158 0000000070aaec87
0x000000000297efe0:   0000000002618000 0000000000000006
0x000000000297eff0:   000007fef7c0a124 000000000000000e
0x000000000297f000:   00000000026181f8 0000000002618000
0x000000000297f010:   0000000002617150 000000000000009f
0x000000000297f020:   0000000071046240 000007fef7c0a124
0x000000000297f030:   00000000026181f8 0000000070b811d5
0x000000000297f040:   000007fef7c0a124 0000000002618000
0x000000000297f050:   000000000297f1b8 0000000000000000
0x000000000297f060:   0000000002618000 000000000297f1b8
0x000000000297f070:   000000000297f130 0000000000000005
0x000000000297f080:   0000000057070ce8 000007fef7c0193a
0x000000000297f090:   000000000297f1b8 0000000057070ce8
0x000000000297f0a0:   0000000000000000 00000000575ff958 

Instructions: (pc=0x0000000070b8a6d3)
0x0000000070b8a6b3:   48 8b ce 48 89 ac 24 b8 00 00 00 e8 8d c9 0c 00
0x0000000070b8a6c3:   48 8b 8c 24 f0 00 00 00 c7 44 24 48 0e 00 00 00
0x0000000070b8a6d3:   48 8b 11 48 8d 9c 24 f8 00 00 00 48 8b e8 48 8b
0x0000000070b8a6e3:   52 08 48 89 5c 24 40 0f b7 4a 24 48 8b 52 08 48 


Register to memory mapping:

RAX=0x00000000575ff968 is an unknown value
RBX=0x0000000016c716d0 is pointing into metadata
RCX=0x0000000000000000 is an unknown value
RDX=0x00000000575ff950 is an unknown value
RSP=0x000000000297efb0 is pointing into the stack for thread: 0x0000000002618000
RBP=0x000000000297f1b8 is pointing into the stack for thread: 0x0000000002618000
RSI=0x00000000026181f8 is an unknown value
RDI=0x0000000002618000 is a thread
R8 =0x0000000000000003 is an unknown value
R9 =0x0000000000000000 is an unknown value
R10=0x0000000002618000 is a thread
R11=0x0000000000000006 is an unknown value
R12=0x0000000000000000 is an unknown value
R13={method} {0x0000000057070cf0} 'chineseChars' '(Ljava/lang/String;)Ljava/lang/String;' in 'JniMain'
R14=0x000000000297f1e0 is pointing into the stack for thread: 0x0000000002618000
R15=0x0000000002618000 is a thread


Stack: [0x0000000002880000,0x0000000002980000],  sp=0x000000000297efb0,  free space=1019k
Native frames: (J=compiled Java code, j=interpreted, Vv=VM code, C=native code)
V  [jvm.dll+0x14a6d3]
C  [JNI_Demo1.dll+0x193a]  Java_JniMain_chineseChars+0x25a
C  0x0000000002998c27

Java frames: (J=compiled Java code, j=interpreted, Vv=VM code)
j  JniMain.chineseChars(Ljava/lang/String;)Ljava/lang/String;+0
j  JniMain.main([Ljava/lang/String;)V+178
v  ~StubRoutines::call_stub

---------------  P R O C E S S  ---------------

Java Threads: ( => current thread )
  0x0000000058ab1800 JavaThread "Service Thread" daemon [_thread_blocked, id=5612, stack(0x0000000059070000,0x0000000059170000)]
  0x0000000058a2e800 JavaThread "C1 CompilerThread2" daemon [_thread_blocked, id=7524, stack(0x00000000596c0000,0x00000000597c0000)]
  0x0000000058a2d000 JavaThread "C2 CompilerThread1" daemon [_thread_blocked, id=4464, stack(0x0000000059510000,0x0000000059610000)]
  0x0000000058a29800 JavaThread "C2 CompilerThread0" daemon [_thread_blocked, id=7608, stack(0x0000000059310000,0x0000000059410000)]
  0x000000005766f000 JavaThread "Attach Listener" daemon [_thread_blocked, id=7996, stack(0x0000000059190000,0x0000000059290000)]
  0x0000000058a23800 JavaThread "Signal Dispatcher" daemon [_thread_blocked, id=6728, stack(0x0000000058f20000,0x0000000059020000)]
  0x000000005764d800 JavaThread "Finalizer" daemon [_thread_blocked, id=8112, stack(0x0000000058800000,0x0000000058900000)]
  0x0000000057606800 JavaThread "Reference Handler" daemon [_thread_blocked, id=8148, stack(0x0000000058910000,0x0000000058a10000)]
=>0x0000000002618000 JavaThread "main" [_thread_in_vm, id=6884, stack(0x0000000002880000,0x0000000002980000)]

Other Threads:
  0x00000000575ff000 VMThread [stack: 0x00000000586b0000,0x00000000587b0000] [id=6472]
  0x0000000058ad7800 WatcherThread [stack: 0x0000000059940000,0x0000000059a40000] [id=7624]

VM state:not at safepoint (normal execution)

VM Mutex/Monitor currently owned by a thread: None

Heap:
 PSYoungGen      total 38400K, used 665K [0x00000000d5f00000, 0x00000000da800000, 0x0000000100000000)
  eden space 33280K, 2% used [0x00000000d5f00000,0x00000000d5fa6678,0x00000000d7f80000)
  from space 5120K, 0% used [0x00000000d7f80000,0x00000000d7f80000,0x00000000d8480000)
  to   space 5120K, 0% used [0x00000000da300000,0x00000000da300000,0x00000000da800000)
 ParOldGen       total 1379328K, used 733K [0x0000000081c00000, 0x00000000d5f00000, 0x00000000d5f00000)
  object space 1379328K, 0% used [0x0000000081c00000,0x0000000081cb74b8,0x00000000d5f00000)
 Metaspace       used 3295K, capacity 4490K, committed 4864K, reserved 1056768K
  class space    used 364K, capacity 386K, committed 512K, reserved 1048576K

Card table byte_map: [0x0000000011d40000,0x0000000012140000] byte_map_base: 0x0000000011932000

Marking Bits: (ParMarkBitMap*) 0x00000000712608c0
 Begin Bits: [0x0000000012950000, 0x00000000148e0000)
 End Bits:   [0x00000000148e0000, 0x0000000016870000)

Polling page: 0x0000000000320000

CodeCache: size=245760Kb used=1220Kb max_used=1231Kb free=244539Kb
 bounds [0x0000000002980000, 0x0000000002bf0000, 0x0000000011980000]
 total_blobs=354 nmethods=81 adapters=186
 compilation: enabled

Compilation events (10 events):
Event: 0.183 Thread 0x0000000058a2e800   77       1       sun.nio.fs.WindowsPath::toString (5 bytes)
Event: 0.183 Thread 0x0000000058a2e800 nmethod 77 0x0000000002aa7c10 code [0x0000000002aa7d60, 0x0000000002aa7e70]
Event: 0.183 Thread 0x0000000058a2e800   78       1       sun.nio.fs.WindowsDirectoryStream::access$100 (5 bytes)
Event: 0.183 Thread 0x0000000058a2e800 nmethod 78 0x0000000002aa78d0 code [0x0000000002aa7a20, 0x0000000002aa7b10]
Event: 0.183 Thread 0x0000000058a2e800   79       1       java.nio.file.Files$AcceptAllFilter::accept (2 bytes)
Event: 0.183 Thread 0x0000000058a2e800 nmethod 79 0x0000000002ab07d0 code [0x0000000002ab0920, 0x0000000002ab0a30]
Event: 0.193 Thread 0x0000000058a2d000   80       4       sun.misc.ASCIICaseInsensitiveComparator::toLower (16 bytes)
Event: 0.193 Thread 0x0000000058a29800   81       4       sun.misc.ASCIICaseInsensitiveComparator::isUpper (18 bytes)
Event: 0.194 Thread 0x0000000058a2d000 nmethod 80 0x0000000002ab3cd0 code [0x0000000002ab3e00, 0x0000000002ab3e58]
Event: 0.194 Thread 0x0000000058a29800 nmethod 81 0x0000000002ab25d0 code [0x0000000002ab2700, 0x0000000002ab2758]

GC Heap History (10 events):
Event: 0.200 GC heap before
{Heap before GC invocations=1 (full 0):
 PSYoungGen      total 38400K, used 2662K [0x00000000d5f00000, 0x00000000d8980000, 0x0000000100000000)
  eden space 33280K, 8% used [0x00000000d5f00000,0x00000000d6199b00,0x00000000d7f80000)
  from space 5120K, 0% used [0x00000000d8480000,0x00000000d8480000,0x00000000d8980000)
  to   space 5120K, 0% used [0x00000000d7f80000,0x00000000d7f80000,0x00000000d8480000)
 ParOldGen       total 1379328K, used 0K [0x0000000081c00000, 0x00000000d5f00000, 0x00000000d5f00000)
  object space 1379328K, 0% used [0x0000000081c00000,0x0000000081c00000,0x00000000d5f00000)
 Metaspace       used 3295K, capacity 4490K, committed 4864K, reserved 1056768K
  class space    used 364K, capacity 386K, committed 512K, reserved 1048576K
Event: 0.201 GC heap after
Heap after GC invocations=1 (full 0):
 PSYoungGen      total 38400K, used 889K [0x00000000d5f00000, 0x00000000d8980000, 0x0000000100000000)
  eden space 33280K, 0% used [0x00000000d5f00000,0x00000000d5f00000,0x00000000d7f80000)
  from space 5120K, 17% used [0x00000000d7f80000,0x00000000d805e430,0x00000000d8480000)
  to   space 5120K, 0% used [0x00000000d8480000,0x00000000d8480000,0x00000000d8980000)
 ParOldGen       total 1379328K, used 8K [0x0000000081c00000, 0x00000000d5f00000, 0x00000000d5f00000)
  object space 1379328K, 0% used [0x0000000081c00000,0x0000000081c02000,0x00000000d5f00000)
 Metaspace       used 3295K, capacity 4490K, committed 4864K, reserved 1056768K
  class space    used 364K, capacity 386K, committed 512K, reserved 1048576K
}
Event: 0.201 GC heap before
{Heap before GC invocations=2 (full 0):
 PSYoungGen      total 38400K, used 889K [0x00000000d5f00000, 0x00000000d8980000, 0x0000000100000000)
  eden space 33280K, 0% used [0x00000000d5f00000,0x00000000d5f00000,0x00000000d7f80000)
  from space 5120K, 17% used [0x00000000d7f80000,0x00000000d805e430,0x00000000d8480000)
  to   space 5120K, 0% used [0x00000000d8480000,0x00000000d8480000,0x00000000d8980000)
 ParOldGen       total 1379328K, used 8K [0x0000000081c00000, 0x00000000d5f00000, 0x00000000d5f00000)
  object space 1379328K, 0% used [0x0000000081c00000,0x0000000081c02000,0x00000000d5f00000)
 Metaspace       used 3295K, capacity 4490K, committed 4864K, reserved 1056768K
  class space    used 364K, capacity 386K, committed 512K, reserved 1048576K
Event: 0.203 GC heap after
Heap after GC invocations=2 (full 0):
 PSYoungGen      total 38400K, used 809K [0x00000000d5f00000, 0x00000000daa00000, 0x0000000100000000)
  eden space 33280K, 0% used [0x00000000d5f00000,0x00000000d5f00000,0x00000000d7f80000)
  from space 5120K, 15% used [0x00000000d8480000,0x00000000d854a440,0x00000000d8980000)
  to   space 5120K, 0% used [0x00000000d7f80000,0x00000000d7f80000,0x00000000d8480000)
 ParOldGen       total 1379328K, used 16K [0x0000000081c00000, 0x00000000d5f00000, 0x00000000d5f00000)
  object space 1379328K, 0% used [0x0000000081c00000,0x0000000081c04000,0x00000000d5f00000)
 Metaspace       used 3295K, capacity 4490K, committed 4864K, reserved 1056768K
  class space    used 364K, capacity 386K, committed 512K, reserved 1048576K
}
Event: 0.203 GC heap before
{Heap before GC invocations=3 (full 1):
 PSYoungGen      total 38400K, used 809K [0x00000000d5f00000, 0x00000000daa00000, 0x0000000100000000)
  eden space 33280K, 0% used [0x00000000d5f00000,0x00000000d5f00000,0x00000000d7f80000)
  from space 5120K, 15% used [0x00000000d8480000,0x00000000d854a440,0x00000000d8980000)
  to   space 5120K, 0% used [0x00000000d7f80000,0x00000000d7f80000,0x00000000d8480000)
 ParOldGen       total 1379328K, used 16K [0x0000000081c00000, 0x00000000d5f00000, 0x00000000d5f00000)
  object space 1379328K, 0% used [0x0000000081c00000,0x0000000081c04000,0x00000000d5f00000)
 Metaspace       used 3295K, capacity 4490K, committed 4864K, reserved 1056768K
  class space    used 364K, capacity 386K, committed 512K, reserved 1048576K
Event: 0.209 GC heap after
Heap after GC invocations=3 (full 1):
 PSYoungGen      total 38400K, used 0K [0x00000000d5f00000, 0x00000000daa00000, 0x0000000100000000)
  eden space 33280K, 0% used [0x00000000d5f00000,0x00000000d5f00000,0x00000000d7f80000)
  from space 5120K, 0% used [0x00000000d8480000,0x00000000d8480000,0x00000000d8980000)
  to   space 5120K, 0% used [0x00000000d7f80000,0x00000000d7f80000,0x00000000d8480000)
 ParOldGen       total 35840K, used 753K [0x0000000081c00000, 0x0000000083f00000, 0x00000000d5f00000)
  object space 35840K, 2% used [0x0000000081c00000,0x0000000081cbc4c8,0x0000000083f00000)
 Metaspace       used 3295K, capacity 4490K, committed 4864K, reserved 1056768K
  class space    used 364K, capacity 386K, committed 512K, reserved 1048576K
}
Event: 0.214 GC heap before
{Heap before GC invocations=4 (full 1):
 PSYoungGen      total 38400K, used 0K [0x00000000d5f00000, 0x00000000daa00000, 0x0000000100000000)
  eden space 33280K, 0% used [0x00000000d5f00000,0x00000000d5f00000,0x00000000d7f80000)
  from space 5120K, 0% used [0x00000000d8480000,0x00000000d8480000,0x00000000d8980000)
  to   space 5120K, 0% used [0x00000000d7f80000,0x00000000d7f80000,0x00000000d8480000)
 ParOldGen       total 1379328K, used 753K [0x0000000081c00000, 0x00000000d5f00000, 0x00000000d5f00000)
  object space 1379328K, 0% used [0x0000000081c00000,0x0000000081cbc4c8,0x00000000d5f00000)
 Metaspace       used 3295K, capacity 4490K, committed 4864K, reserved 1056768K
  class space    used 364K, capacity 386K, committed 512K, reserved 1048576K
Event: 0.214 GC heap after
Heap after GC invocations=4 (full 1):
 PSYoungGen      total 38400K, used 0K [0x00000000d5f00000, 0x00000000da800000, 0x0000000100000000)
  eden space 33280K, 0% used [0x00000000d5f00000,0x00000000d5f00000,0x00000000d7f80000)
  from space 5120K, 0% used [0x00000000d7f80000,0x00000000d7f80000,0x00000000d8480000)
  to   space 5120K, 0% used [0x00000000da300000,0x00000000da300000,0x00000000da800000)
 ParOldGen       total 1379328K, used 753K [0x0000000081c00000, 0x00000000d5f00000, 0x00000000d5f00000)
  object space 1379328K, 0% used [0x0000000081c00000,0x0000000081cbc4c8,0x00000000d5f00000)
 Metaspace       used 3295K, capacity 4490K, committed 4864K, reserved 1056768K
  class space    used 364K, capacity 386K, committed 512K, reserved 1048576K
}
Event: 0.214 GC heap before
{Heap before GC invocations=5 (full 2):
 PSYoungGen      total 38400K, used 0K [0x00000000d5f00000, 0x00000000da800000, 0x0000000100000000)
  eden space 33280K, 0% used [0x00000000d5f00000,0x00000000d5f00000,0x00000000d7f80000)
  from space 5120K, 0% used [0x00000000d7f80000,0x00000000d7f80000,0x00000000d8480000)
  to   space 5120K, 0% used [0x00000000da300000,0x00000000da300000,0x00000000da800000)
 ParOldGen       total 1379328K, used 753K [0x0000000081c00000, 0x00000000d5f00000, 0x00000000d5f00000)
  object space 1379328K, 0% used [0x0000000081c00000,0x0000000081cbc4c8,0x00000000d5f00000)
 Metaspace       used 3295K, capacity 4490K, committed 4864K, reserved 1056768K
  class space    used 364K, capacity 386K, committed 512K, reserved 1048576K
Event: 0.222 GC heap after
Heap after GC invocations=5 (full 2):
 PSYoungGen      total 38400K, used 0K [0x00000000d5f00000, 0x00000000da800000, 0x0000000100000000)
  eden space 33280K, 0% used [0x00000000d5f00000,0x00000000d5f00000,0x00000000d7f80000)
  from space 5120K, 0% used [0x00000000d7f80000,0x00000000d7f80000,0x00000000d8480000)
  to   space 5120K, 0% used [0x00000000da300000,0x00000000da300000,0x00000000da800000)
 ParOldGen       total 50688K, used 733K [0x0000000081c00000, 0x0000000084d80000, 0x00000000d5f00000)
  object space 50688K, 1% used [0x0000000081c00000,0x0000000081cb74b8,0x0000000084d80000)
 Metaspace       used 3295K, capacity 4490K, committed 4864K, reserved 1056768K
  class space    used 364K, capacity 386K, committed 512K, reserved 1048576K
}

Deoptimization events (0 events):
No events

Classes redefined (0 events):
No events

Internal exceptions (4 events):
Event: 0.026 Thread 0x0000000002618000 Exception <a 'java/lang/NoSuchMethodError': Method sun.misc.Unsafe.defineClass(Ljava/lang/String;[BII)Ljava/lang/Class; name or signature does not match> (0x00000000d5f07cb0) thrown at [C:\re\workspace\8-2-build-windows-amd64-cygwin\jdk8u171\10807\hotspot
Event: 0.026 Thread 0x0000000002618000 Exception <a 'java/lang/NoSuchMethodError': Method sun.misc.Unsafe.prefetchRead(Ljava/lang/Object;J)V name or signature does not match> (0x00000000d5f07f98) thrown at [C:\re\workspace\8-2-build-windows-amd64-cygwin\jdk8u171\10807\hotspot\src\share\vm\prim
Event: 0.194 Thread 0x0000000002618000 Exception <a 'java/lang/NoSuchMethodError': init> (0x00000000d60f4e58) thrown at [C:\re\workspace\8-2-build-windows-amd64-cygwin\jdk8u171\10807\hotspot\src\share\vm\prims\jni.cpp, line 1613]
Event: 0.226 Thread 0x0000000002618000 Exception <a 'java/lang/OutOfMemoryError'> (0x0000000081c2aa60) thrown at [C:\re\workspace\8-2-build-windows-amd64-cygwin\jdk8u171\10807\hotspot\src\share\vm\gc_interface/collectedHeap.inline.hpp, line 159]

Events (10 events):
Event: 0.193 loading class sun/util/calendar/Gregorian
Event: 0.193 loading class sun/util/calendar/BaseCalendar
Event: 0.193 loading class sun/util/calendar/AbstractCalendar
Event: 0.193 loading class sun/util/calendar/AbstractCalendar done
Event: 0.193 loading class sun/util/calendar/BaseCalendar done
Event: 0.193 loading class sun/util/calendar/Gregorian done
Event: 0.193 loading class sun/nio/cs/ext/EUC_CN
Event: 0.193 loading class sun/nio/cs/ext/EUC_CN done
Event: 0.200 Executing VM operation: ParallelGCFailedAllocation
Event: 0.225 Executing VM operation: ParallelGCFailedAllocation done


Dynamic libraries:
0x000000013fff0000 - 0x0000000140027000 	C:\Program Files\Java\jre1.8.0_171\bin\javaw.exe
0x0000000076e00000 - 0x0000000076f9f000 	C:\Windows\SYSTEM32\ntdll.dll
0x0000000076700000 - 0x000000007681f000 	C:\Windows\system32\kernel32.dll
0x000007fefd550000 - 0x000007fefd5b7000 	C:\Windows\system32\KERNELBASE.dll
0x000007fefef20000 - 0x000007fefeffb000 	C:\Windows\system32\ADVAPI32.dll
0x000007fefe8d0000 - 0x000007fefe96f000 	C:\Windows\system32\msvcrt.dll
0x000007fefe4a0000 - 0x000007fefe4bf000 	C:\Windows\SYSTEM32\sechost.dll
0x000007fefe4c0000 - 0x000007fefe5ec000 	C:\Windows\system32\RPCRT4.dll
0x0000000076ae0000 - 0x0000000076bda000 	C:\Windows\system32\USER32.dll
0x000007fefed90000 - 0x000007fefedf7000 	C:\Windows\system32\GDI32.dll
0x000007fefe8c0000 - 0x000007fefe8ce000 	C:\Windows\system32\LPK.dll
0x000007fefe7f0000 - 0x000007fefe8bb000 	C:\Windows\system32\USP10.dll
0x000007fefba60000 - 0x000007fefbc55000 	C:\Windows\WinSxS\amd64_microsoft.windows.common-controls_6595b64144ccf1df_6.0.7601.24483_none_e372d88f30fbb845\COMCTL32.dll
0x000007fefeea0000 - 0x000007fefef11000 	C:\Windows\system32\SHLWAPI.dll
0x000007fefe970000 - 0x000007fefe99e000 	C:\Windows\system32\IMM32.DLL
0x000007fefec80000 - 0x000007fefed8b000 	C:\Windows\system32\MSCTF.dll
0x0000000079470000 - 0x0000000079542000 	C:\Program Files\Java\jre1.8.0_171\bin\msvcr100.dll
0x0000000070a40000 - 0x00000000712e0000 	C:\Program Files\Java\jre1.8.0_171\bin\server\jvm.dll
0x000007fefb3d0000 - 0x000007fefb3d9000 	C:\Windows\system32\WSOCK32.dll
0x000007fefe3b0000 - 0x000007fefe3fd000 	C:\Windows\system32\WS2_32.dll
0x000007feff060000 - 0x000007feff068000 	C:\Windows\system32\NSI.dll
0x000007fefb160000 - 0x000007fefb19b000 	C:\Windows\system32\WINMM.dll
0x000007fefc370000 - 0x000007fefc37c000 	C:\Windows\system32\VERSION.dll
0x0000000076fa0000 - 0x0000000076fa7000 	C:\Windows\system32\PSAPI.DLL
0x0000000070840000 - 0x000000007084f000 	C:\Program Files\Java\jre1.8.0_171\bin\verify.dll
0x0000000063490000 - 0x00000000634b9000 	C:\Program Files\Java\jre1.8.0_171\bin\java.dll
0x0000000064760000 - 0x0000000064776000 	C:\Program Files\Java\jre1.8.0_171\bin\zip.dll
0x000007fefd620000 - 0x000007fefe3ab000 	C:\Windows\system32\SHELL32.dll
0x000007fefe5f0000 - 0x000007fefe7ef000 	C:\Windows\system32\ole32.dll
0x000007fefd250000 - 0x000007fefd25f000 	C:\Windows\system32\profapi.dll
0x000007fef7c00000 - 0x000007fef7c0f000 	G:\project\java_workspase\jni\jni_demo1\JNI_Demo1.dll
0x000007feeaa70000 - 0x000007feeac81000 	C:\Windows\system32\MSVCR120D.dll
0x000007fefca50000 - 0x000007fefca68000 	C:\Windows\system32\CRYPTSP.dll
0x000007fefc750000 - 0x000007fefc797000 	C:\Windows\system32\rsaenh.dll
0x000007fefc550000 - 0x000007fefc56f000 	C:\Windows\system32\USERENV.dll
0x000007fefd140000 - 0x000007fefd14f000 	C:\Windows\system32\CRYPTBASE.dll
0x0000000077140000 - 0x000000007715a000 	C:\Program Files\Java\jre1.8.0_171\bin\net.dll
0x000007fefc9f0000 - 0x000007fefca45000 	C:\Windows\system32\mswsock.dll
0x000007fefc9e0000 - 0x000007fefc9e7000 	C:\Windows\System32\wship6.dll
0x000007fefa600000 - 0x000007fefa627000 	C:\Windows\system32\IPHLPAPI.DLL
0x000007fefa5f0000 - 0x000007fefa5fb000 	C:\Windows\system32\WINNSI.DLL
0x000007fefa420000 - 0x000007fefa431000 	C:\Windows\system32\dhcpcsvc6.DLL
0x000007fefa400000 - 0x000007fefa418000 	C:\Windows\system32\dhcpcsvc.DLL
0x0000000070150000 - 0x0000000070161000 	C:\Program Files\Java\jre1.8.0_171\bin\nio.dll
0x000007fef9470000 - 0x000007fef9595000 	C:\Windows\system32\dbghelp.dll

VM Arguments:
jvm_args: -Dfile.encoding=GBK 
java_command: JniMain
java_class_path (initial): G:\project\java_workspase\jni\jni_demo1\bin
Launcher Type: SUN_STANDARD

Environment Variables:
JAVA_HOME=C:\Program Files\Java\jdk1.8.0_171
CLASSPATH=.;C:\Program Files\Java\jdk1.8.0_171\lib;C:\Program Files\Java\jdk1.8.0_171\lib\tools.jar
PATH=C:/Program Files/Java/jre1.8.0_171/bin/server;C:/Program Files/Java/jre1.8.0_171/bin;C:/Program Files/Java/jre1.8.0_171/lib/amd64;D:\Program Files\xftp6\;C:\Program Files (x86)\Common Files\Oracle\Java\javapath;C:\Windows\system32;C:\Windows;C:\Windows\System32\Wbem;C:\Windows\System32\WindowsPowerShell\v1.0\;C:\Program Files\TortoiseSVN\bin;C:\Users\Administrator\AppData\Local\Android\Sdk\platform-tools;C:\Users\Administrator\AppData\Local\Android\Sdk\tools;C:\Program Files\Java\jdk1.8.0_171\bin;C:\Program Files\Java\jdk1.8.0_171\jre\bin;C:\Program Files\Git\cmd;C:\Go\bin;C:\Python27;D:\flutter_windows_v1.2.1-beta\flutter\bin;C:\Program Files (x86)\Windows Kits\8.1\Windows Performance Toolkit\;C:\Program Files\Microsoft SQL Server\110\Tools\Binn\;D:\apache-tomcat-8.5.33\bin;C:\Users\Administrator\AppData\Local\Android\Sdk\build-tools\28.0.3;C:\Program Files\Android\Android Studio\gradle\gradle-5.1.1\bin;C:\Python\Python37-32\Scripts\;C:\Python\Python37-32\;C:\Users\Administrator\go\bin;C:\Users\Administrator\Desktop;
USERNAME=Administrator
OS=Windows_NT
PROCESSOR_IDENTIFIER=Intel64 Family 6 Model 158 Stepping 9, GenuineIntel



---------------  S Y S T E M  ---------------

OS: Windows 7 , 64 bit Build 7601 (6.1.7601.24524)

CPU:total 4 (initial active 4) (4 cores per cpu, 1 threads per core) family 6 model 158 stepping 9, cmov, cx8, fxsr, mmx, sse, sse2, sse3, ssse3, sse4.1, sse4.2, popcnt, avx, avx2, aes, clmul, erms, rtm, 3dnowpref, lzcnt, tsc, tscinvbit, bmi1, bmi2, adx

Memory: 4k page, physical 8273876k(3983228k free), swap 16545852k(6131192k free)

vm_info: Java HotSpot(TM) 64-Bit Server VM (25.171-b11) for windows-amd64 JRE (1.8.0_171-b11), built on Mar 28 2018 16:06:12 by "java_re" with MS VC++ 10.0 (VS2010)

time: Tue Mar 10 11:26:24 2020
elapsed time: 0 seconds (0d 0h 0m 0s)

