#
# A fatal error has been detected by the Java Runtime Environment:
#
#  EXCEPTION_ACCESS_VIOLATION (0xc0000005) at pc=0x0000000070b8a6d3, pid=8016, tid=0x0000000000001e0c
#
# JRE version: Java(TM) SE Runtime Environment (8.0_171-b11) (build 1.8.0_171-b11)
# Java VM: Java HotSpot(TM) 64-Bit Server VM (25.171-b11 mixed mode windows-amd64 compressed oops)
# Problematic frame:
# V  [jvm.dll+0x14a6d3]
#
# Failed to write core dump. Minidumps are not enabled by default on client versions of Windows
#
# If you would like to submit a bug report, please visit:
#   http://bugreport.java.com/bugreport/crash.jsp
#

---------------  T H R E A D  ---------------

Current thread (0x0000000002448000):  JavaThread "main" [_thread_in_vm, id=7692, stack(0x00000000026d0000,0x00000000027d0000)]

siginfo: ExceptionCode=0xc0000005, reading address 0x0000000000000000

Registers:
RAX=0x00000000574bcda8, RBX=0x0000000016b316d0, RCX=0x0000000000000000, RDX=0x00000000574bcd90
RSP=0x00000000027cf000, RBP=0x00000000027cf208, RSI=0x00000000024481f8, RDI=0x0000000002448000
R8 =0x0000000000000003, R9 =0x0000000000000000, R10=0x0000000002448000, R11=0x0000000000000006
R12=0x0000000000000000, R13=0x0000000056f30cd0, R14=0x00000000027cf230, R15=0x0000000002448000
RIP=0x0000000070b8a6d3, EFLAGS=0x0000000000010206

Top of Stack: (sp=0x00000000027cf000)
0x00000000027cf000:   00000000024481f8 0000000016b316d0
0x00000000027cf010:   00000000027cf208 0000000002448000
0x00000000027cf020:   0000000002447158 0000000070aaec87
0x00000000027cf030:   0000000002448000 0000000000000006
0x00000000027cf040:   000007fef7c0a10c 000000000000000e
0x00000000027cf050:   00000000024481f8 0000000002448000
0x00000000027cf060:   0000000002447150 000000000000009f
0x00000000027cf070:   0000000071046240 000007fef7c0a10c
0x00000000027cf080:   00000000024481f8 0000000070b811d5
0x00000000027cf090:   000007fef7c0a10c 0000000002448000
0x00000000027cf0a0:   00000000027cf208 0000000000000000
0x00000000027cf0b0:   0000000002448000 00000000027cf208
0x00000000027cf0c0:   00000000027cf180 0000000000000004
0x00000000027cf0d0:   0000000056f30cd0 000007fef7c0193a
0x00000000027cf0e0:   00000000027cf208 0000000056f30cd0
0x00000000027cf0f0:   0000000000000000 00000000574bcd98 

Instructions: (pc=0x0000000070b8a6d3)
0x0000000070b8a6b3:   48 8b ce 48 89 ac 24 b8 00 00 00 e8 8d c9 0c 00
0x0000000070b8a6c3:   48 8b 8c 24 f0 00 00 00 c7 44 24 48 0e 00 00 00
0x0000000070b8a6d3:   48 8b 11 48 8d 9c 24 f8 00 00 00 48 8b e8 48 8b
0x0000000070b8a6e3:   52 08 48 89 5c 24 40 0f b7 4a 24 48 8b 52 08 48 


Register to memory mapping:

RAX=0x00000000574bcda8 is an unknown value
RBX=0x0000000016b316d0 is pointing into metadata
RCX=0x0000000000000000 is an unknown value
RDX=0x00000000574bcd90 is an unknown value
RSP=0x00000000027cf000 is pointing into the stack for thread: 0x0000000002448000
RBP=0x00000000027cf208 is pointing into the stack for thread: 0x0000000002448000
RSI=0x00000000024481f8 is an unknown value
RDI=0x0000000002448000 is a thread
R8 =0x0000000000000003 is an unknown value
R9 =0x0000000000000000 is an unknown value
R10=0x0000000002448000 is a thread
R11=0x0000000000000006 is an unknown value
R12=0x0000000000000000 is an unknown value
R13={method} {0x0000000056f30cd8} 'chineseChars' '(Ljava/lang/String;)Ljava/lang/String;' in 'JniMain'
R14=0x00000000027cf230 is pointing into the stack for thread: 0x0000000002448000
R15=0x0000000002448000 is a thread


Stack: [0x00000000026d0000,0x00000000027d0000],  sp=0x00000000027cf000,  free space=1020k
Native frames: (J=compiled Java code, j=interpreted, Vv=VM code, C=native code)
V  [jvm.dll+0x14a6d3]
C  [JNI_Demo1.dll+0x193a]  Java_JniMain_chineseChars+0x25a
C  0x00000000027e8c27

Java frames: (J=compiled Java code, j=interpreted, Vv=VM code)
j  JniMain.chineseChars(Ljava/lang/String;)Ljava/lang/String;+0
j  JniMain.main([Ljava/lang/String;)V+166
v  ~StubRoutines::call_stub

---------------  P R O C E S S  ---------------

Java Threads: ( => current thread )
  0x00000000587b5000 JavaThread "Service Thread" daemon [_thread_blocked, id=8144, stack(0x0000000059280000,0x0000000059380000)]
  0x000000005872b800 JavaThread "C1 CompilerThread2" daemon [_thread_blocked, id=3760, stack(0x0000000059380000,0x0000000059480000)]
  0x0000000058726000 JavaThread "C2 CompilerThread1" daemon [_thread_blocked, id=6648, stack(0x0000000059170000,0x0000000059270000)]
  0x000000005752d800 JavaThread "C2 CompilerThread0" daemon [_thread_blocked, id=7156, stack(0x0000000058f80000,0x0000000059080000)]
  0x000000005752a000 JavaThread "Attach Listener" daemon [_thread_blocked, id=5132, stack(0x0000000058ba0000,0x0000000058ca0000)]
  0x0000000058713000 JavaThread "Signal Dispatcher" daemon [_thread_blocked, id=7712, stack(0x0000000058ce0000,0x0000000058de0000)]
  0x000000005750b000 JavaThread "Finalizer" daemon [_thread_blocked, id=7912, stack(0x00000000584e0000,0x00000000585e0000)]
  0x00000000574c4000 JavaThread "Reference Handler" daemon [_thread_blocked, id=7352, stack(0x0000000058600000,0x0000000058700000)]
=>0x0000000002448000 JavaThread "main" [_thread_in_vm, id=7692, stack(0x00000000026d0000,0x00000000027d0000)]

Other Threads:
  0x00000000574bc800 VMThread [stack: 0x0000000058390000,0x0000000058490000] [id=8084]
  0x00000000587d3000 WatcherThread [stack: 0x0000000058e50000,0x0000000058f50000] [id=5764]

VM state:not at safepoint (normal execution)

VM Mutex/Monitor currently owned by a thread: None

Heap:
 PSYoungGen      total 38400K, used 665K [0x00000000d5f00000, 0x00000000da600000, 0x0000000100000000)
  eden space 33280K, 2% used [0x00000000d5f00000,0x00000000d5fa6678,0x00000000d7f80000)
  from space 5120K, 0% used [0x00000000d7f80000,0x00000000d7f80000,0x00000000d8480000)
  to   space 5120K, 0% used [0x00000000da100000,0x00000000da100000,0x00000000da600000)
 ParOldGen       total 1379328K, used 733K [0x0000000081c00000, 0x00000000d5f00000, 0x00000000d5f00000)
  object space 1379328K, 0% used [0x0000000081c00000,0x0000000081cb7428,0x00000000d5f00000)
 Metaspace       used 3296K, capacity 4490K, committed 4864K, reserved 1056768K
  class space    used 364K, capacity 386K, committed 512K, reserved 1048576K

Card table byte_map: [0x0000000011b90000,0x0000000011f90000] byte_map_base: 0x0000000011782000

Marking Bits: (ParMarkBitMap*) 0x00000000712608c0
 Begin Bits: [0x0000000012810000, 0x00000000147a0000)
 End Bits:   [0x00000000147a0000, 0x0000000016730000)

Polling page: 0x0000000000220000

CodeCache: size=245760Kb used=1217Kb max_used=1232Kb free=244542Kb
 bounds [0x00000000027d0000, 0x0000000002a40000, 0x00000000117d0000]
 total_blobs=352 nmethods=79 adapters=186
 compilation: enabled

Compilation events (10 events):
Event: 0.162 Thread 0x000000005872b800   75       1       sun.nio.fs.WindowsPath::toString (5 bytes)
Event: 0.162 Thread 0x000000005872b800 nmethod 75 0x00000000028ff510 code [0x00000000028ff660, 0x00000000028ff770]
Event: 0.162 Thread 0x000000005872b800   76       1       sun.nio.fs.WindowsDirectoryStream::access$100 (5 bytes)
Event: 0.162 Thread 0x000000005872b800 nmethod 76 0x00000000028ff7d0 code [0x00000000028ff920, 0x00000000028ffa10]
Event: 0.162 Thread 0x000000005872b800   77       1       java.nio.file.Files$AcceptAllFilter::accept (2 bytes)
Event: 0.162 Thread 0x000000005872b800 nmethod 77 0x00000000028ffa90 code [0x00000000028ffbe0, 0x00000000028ffcf0]
Event: 0.164 Thread 0x000000005752d800   78       4       sun.misc.ASCIICaseInsensitiveComparator::toLower (16 bytes)
Event: 0.164 Thread 0x0000000058726000   79       4       sun.misc.ASCIICaseInsensitiveComparator::isUpper (18 bytes)
Event: 0.164 Thread 0x0000000058726000 nmethod 79 0x00000000029044d0 code [0x0000000002904600, 0x0000000002904658]
Event: 0.164 Thread 0x000000005752d800 nmethod 78 0x0000000002901690 code [0x00000000029017c0, 0x0000000002901818]

GC Heap History (10 events):
Event: 0.168 GC heap before
{Heap before GC invocations=1 (full 0):
 PSYoungGen      total 38400K, used 2662K [0x00000000d5f00000, 0x00000000d8980000, 0x0000000100000000)
  eden space 33280K, 8% used [0x00000000d5f00000,0x00000000d6199b00,0x00000000d7f80000)
  from space 5120K, 0% used [0x00000000d8480000,0x00000000d8480000,0x00000000d8980000)
  to   space 5120K, 0% used [0x00000000d7f80000,0x00000000d7f80000,0x00000000d8480000)
 ParOldGen       total 1379328K, used 0K [0x0000000081c00000, 0x00000000d5f00000, 0x00000000d5f00000)
  object space 1379328K, 0% used [0x0000000081c00000,0x0000000081c00000,0x00000000d5f00000)
 Metaspace       used 3295K, capacity 4490K, committed 4864K, reserved 1056768K
  class space    used 364K, capacity 386K, committed 512K, reserved 1048576K
Event: 0.170 GC heap after
Heap after GC invocations=1 (full 0):
 PSYoungGen      total 38400K, used 897K [0x00000000d5f00000, 0x00000000d8980000, 0x0000000100000000)
  eden space 33280K, 0% used [0x00000000d5f00000,0x00000000d5f00000,0x00000000d7f80000)
  from space 5120K, 17% used [0x00000000d7f80000,0x00000000d8060450,0x00000000d8480000)
  to   space 5120K, 0% used [0x00000000d8480000,0x00000000d8480000,0x00000000d8980000)
 ParOldGen       total 1379328K, used 8K [0x0000000081c00000, 0x00000000d5f00000, 0x00000000d5f00000)
  object space 1379328K, 0% used [0x0000000081c00000,0x0000000081c02000,0x00000000d5f00000)
 Metaspace       used 3295K, capacity 4490K, committed 4864K, reserved 1056768K
  class space    used 364K, capacity 386K, committed 512K, reserved 1048576K
}
Event: 0.170 GC heap before
{Heap before GC invocations=2 (full 0):
 PSYoungGen      total 38400K, used 897K [0x00000000d5f00000, 0x00000000d8980000, 0x0000000100000000)
  eden space 33280K, 0% used [0x00000000d5f00000,0x00000000d5f00000,0x00000000d7f80000)
  from space 5120K, 17% used [0x00000000d7f80000,0x00000000d8060450,0x00000000d8480000)
  to   space 5120K, 0% used [0x00000000d8480000,0x00000000d8480000,0x00000000d8980000)
 ParOldGen       total 1379328K, used 8K [0x0000000081c00000, 0x00000000d5f00000, 0x00000000d5f00000)
  object space 1379328K, 0% used [0x0000000081c00000,0x0000000081c02000,0x00000000d5f00000)
 Metaspace       used 3295K, capacity 4490K, committed 4864K, reserved 1056768K
  class space    used 364K, capacity 386K, committed 512K, reserved 1048576K
Event: 0.171 GC heap after
Heap after GC invocations=2 (full 0):
 PSYoungGen      total 38400K, used 825K [0x00000000d5f00000, 0x00000000daa00000, 0x0000000100000000)
  eden space 33280K, 0% used [0x00000000d5f00000,0x00000000d5f00000,0x00000000d7f80000)
  from space 5120K, 16% used [0x00000000d8480000,0x00000000d854e430,0x00000000d8980000)
  to   space 5120K, 0% used [0x00000000d7f80000,0x00000000d7f80000,0x00000000d8480000)
 ParOldGen       total 1379328K, used 8K [0x0000000081c00000, 0x00000000d5f00000, 0x00000000d5f00000)
  object space 1379328K, 0% used [0x0000000081c00000,0x0000000081c02000,0x00000000d5f00000)
 Metaspace       used 3295K, capacity 4490K, committed 4864K, reserved 1056768K
  class space    used 364K, capacity 386K, committed 512K, reserved 1048576K
}
Event: 0.171 GC heap before
{Heap before GC invocations=3 (full 1):
 PSYoungGen      total 38400K, used 825K [0x00000000d5f00000, 0x00000000daa00000, 0x0000000100000000)
  eden space 33280K, 0% used [0x00000000d5f00000,0x00000000d5f00000,0x00000000d7f80000)
  from space 5120K, 16% used [0x00000000d8480000,0x00000000d854e430,0x00000000d8980000)
  to   space 5120K, 0% used [0x00000000d7f80000,0x00000000d7f80000,0x00000000d8480000)
 ParOldGen       total 1379328K, used 8K [0x0000000081c00000, 0x00000000d5f00000, 0x00000000d5f00000)
  object space 1379328K, 0% used [0x0000000081c00000,0x0000000081c02000,0x00000000d5f00000)
 Metaspace       used 3295K, capacity 4490K, committed 4864K, reserved 1056768K
  class space    used 364K, capacity 386K, committed 512K, reserved 1048576K
Event: 0.179 GC heap after
Heap after GC invocations=3 (full 1):
 PSYoungGen      total 38400K, used 0K [0x00000000d5f00000, 0x00000000daa00000, 0x0000000100000000)
  eden space 33280K, 0% used [0x00000000d5f00000,0x00000000d5f00000,0x00000000d7f80000)
  from space 5120K, 0% used [0x00000000d8480000,0x00000000d8480000,0x00000000d8980000)
  to   space 5120K, 0% used [0x00000000d7f80000,0x00000000d7f80000,0x00000000d8480000)
 ParOldGen       total 37888K, used 753K [0x0000000081c00000, 0x0000000084100000, 0x00000000d5f00000)
  object space 37888K, 1% used [0x0000000081c00000,0x0000000081cbc438,0x0000000084100000)
 Metaspace       used 3295K, capacity 4490K, committed 4864K, reserved 1056768K
  class space    used 364K, capacity 386K, committed 512K, reserved 1048576K
}
Event: 0.180 GC heap before
{Heap before GC invocations=4 (full 1):
 PSYoungGen      total 38400K, used 0K [0x00000000d5f00000, 0x00000000daa00000, 0x0000000100000000)
  eden space 33280K, 0% used [0x00000000d5f00000,0x00000000d5f00000,0x00000000d7f80000)
  from space 5120K, 0% used [0x00000000d8480000,0x00000000d8480000,0x00000000d8980000)
  to   space 5120K, 0% used [0x00000000d7f80000,0x00000000d7f80000,0x00000000d8480000)
 ParOldGen       total 1379328K, used 753K [0x0000000081c00000, 0x00000000d5f00000, 0x00000000d5f00000)
  object space 1379328K, 0% used [0x0000000081c00000,0x0000000081cbc438,0x00000000d5f00000)
 Metaspace       used 3295K, capacity 4490K, committed 4864K, reserved 1056768K
  class space    used 364K, capacity 386K, committed 512K, reserved 1048576K
Event: 0.181 GC heap after
Heap after GC invocations=4 (full 1):
 PSYoungGen      total 38400K, used 0K [0x00000000d5f00000, 0x00000000da600000, 0x0000000100000000)
  eden space 33280K, 0% used [0x00000000d5f00000,0x00000000d5f00000,0x00000000d7f80000)
  from space 5120K, 0% used [0x00000000d7f80000,0x00000000d7f80000,0x00000000d8480000)
  to   space 5120K, 0% used [0x00000000da100000,0x00000000da100000,0x00000000da600000)
 ParOldGen       total 1379328K, used 753K [0x0000000081c00000, 0x00000000d5f00000, 0x00000000d5f00000)
  object space 1379328K, 0% used [0x0000000081c00000,0x0000000081cbc438,0x00000000d5f00000)
 Metaspace       used 3295K, capacity 4490K, committed 4864K, reserved 1056768K
  class space    used 364K, capacity 386K, committed 512K, reserved 1048576K
}
Event: 0.181 GC heap before
{Heap before GC invocations=5 (full 2):
 PSYoungGen      total 38400K, used 0K [0x00000000d5f00000, 0x00000000da600000, 0x0000000100000000)
  eden space 33280K, 0% used [0x00000000d5f00000,0x00000000d5f00000,0x00000000d7f80000)
  from space 5120K, 0% used [0x00000000d7f80000,0x00000000d7f80000,0x00000000d8480000)
  to   space 5120K, 0% used [0x00000000da100000,0x00000000da100000,0x00000000da600000)
 ParOldGen       total 1379328K, used 753K [0x0000000081c00000, 0x00000000d5f00000, 0x00000000d5f00000)
  object space 1379328K, 0% used [0x0000000081c00000,0x0000000081cbc438,0x00000000d5f00000)
 Metaspace       used 3295K, capacity 4490K, committed 4864K, reserved 1056768K
  class space    used 364K, capacity 386K, committed 512K, reserved 1048576K
Event: 0.188 GC heap after
Heap after GC invocations=5 (full 2):
 PSYoungGen      total 38400K, used 0K [0x00000000d5f00000, 0x00000000da600000, 0x0000000100000000)
  eden space 33280K, 0% used [0x00000000d5f00000,0x00000000d5f00000,0x00000000d7f80000)
  from space 5120K, 0% used [0x00000000d7f80000,0x00000000d7f80000,0x00000000d8480000)
  to   space 5120K, 0% used [0x00000000da100000,0x00000000da100000,0x00000000da600000)
 ParOldGen       total 58880K, used 733K [0x0000000081c00000, 0x0000000085580000, 0x00000000d5f00000)
  object space 58880K, 1% used [0x0000000081c00000,0x0000000081cb7428,0x0000000085580000)
 Metaspace       used 3295K, capacity 4490K, committed 4864K, reserved 1056768K
  class space    used 364K, capacity 386K, committed 512K, reserved 1048576K
}

Deoptimization events (0 events):
No events

Classes redefined (0 events):
No events

Internal exceptions (4 events):
Event: 0.025 Thread 0x0000000002448000 Exception <a 'java/lang/NoSuchMethodError': Method sun.misc.Unsafe.defineClass(Ljava/lang/String;[BII)Ljava/lang/Class; name or signature does not match> (0x00000000d5f07cb0) thrown at [C:\re\workspace\8-2-build-windows-amd64-cygwin\jdk8u171\10807\hotspot
Event: 0.025 Thread 0x0000000002448000 Exception <a 'java/lang/NoSuchMethodError': Method sun.misc.Unsafe.prefetchRead(Ljava/lang/Object;J)V name or signature does not match> (0x00000000d5f07f98) thrown at [C:\re\workspace\8-2-build-windows-amd64-cygwin\jdk8u171\10807\hotspot\src\share\vm\prim
Event: 0.166 Thread 0x0000000002448000 Exception <a 'java/lang/NoSuchMethodError': init> (0x00000000d60f5108) thrown at [C:\re\workspace\8-2-build-windows-amd64-cygwin\jdk8u171\10807\hotspot\src\share\vm\prims\jni.cpp, line 1613]
Event: 0.189 Thread 0x0000000002448000 Exception <a 'java/lang/OutOfMemoryError'> (0x0000000081c07440) thrown at [C:\re\workspace\8-2-build-windows-amd64-cygwin\jdk8u171\10807\hotspot\src\share\vm\gc_interface/collectedHeap.inline.hpp, line 159]

Events (10 events):
Event: 0.163 loading class sun/util/calendar/Gregorian
Event: 0.163 loading class sun/util/calendar/BaseCalendar
Event: 0.164 loading class sun/util/calendar/AbstractCalendar
Event: 0.164 loading class sun/util/calendar/AbstractCalendar done
Event: 0.164 loading class sun/util/calendar/BaseCalendar done
Event: 0.164 loading class sun/util/calendar/Gregorian done
Event: 0.164 loading class sun/nio/cs/ext/EUC_CN
Event: 0.166 loading class sun/nio/cs/ext/EUC_CN done
Event: 0.168 Executing VM operation: ParallelGCFailedAllocation
Event: 0.189 Executing VM operation: ParallelGCFailedAllocation done


Dynamic libraries:
0x000000013f5b0000 - 0x000000013f5e7000 	C:\Program Files\Java\jre1.8.0_171\bin\javaw.exe
0x0000000076e00000 - 0x0000000076f9f000 	C:\Windows\SYSTEM32\ntdll.dll
0x0000000076700000 - 0x000000007681f000 	C:\Windows\system32\kernel32.dll
0x000007fefd550000 - 0x000007fefd5b7000 	C:\Windows\system32\KERNELBASE.dll
0x000007fefef20000 - 0x000007fefeffb000 	C:\Windows\system32\ADVAPI32.dll
0x000007fefe8d0000 - 0x000007fefe96f000 	C:\Windows\system32\msvcrt.dll
0x000007fefe4a0000 - 0x000007fefe4bf000 	C:\Windows\SYSTEM32\sechost.dll
0x000007fefe4c0000 - 0x000007fefe5ec000 	C:\Windows\system32\RPCRT4.dll
0x0000000076ae0000 - 0x0000000076bda000 	C:\Windows\system32\USER32.dll
0x000007fefed90000 - 0x000007fefedf7000 	C:\Windows\system32\GDI32.dll
0x000007fefe8c0000 - 0x000007fefe8ce000 	C:\Windows\system32\LPK.dll
0x000007fefe7f0000 - 0x000007fefe8bb000 	C:\Windows\system32\USP10.dll
0x000007fefba60000 - 0x000007fefbc55000 	C:\Windows\WinSxS\amd64_microsoft.windows.common-controls_6595b64144ccf1df_6.0.7601.24483_none_e372d88f30fbb845\COMCTL32.dll
0x000007fefeea0000 - 0x000007fefef11000 	C:\Windows\system32\SHLWAPI.dll
0x000007fefe970000 - 0x000007fefe99e000 	C:\Windows\system32\IMM32.DLL
0x000007fefec80000 - 0x000007fefed8b000 	C:\Windows\system32\MSCTF.dll
0x0000000079310000 - 0x00000000793e2000 	C:\Program Files\Java\jre1.8.0_171\bin\msvcr100.dll
0x0000000070a40000 - 0x00000000712e0000 	C:\Program Files\Java\jre1.8.0_171\bin\server\jvm.dll
0x000007fefb3d0000 - 0x000007fefb3d9000 	C:\Windows\system32\WSOCK32.dll
0x000007fefe3b0000 - 0x000007fefe3fd000 	C:\Windows\system32\WS2_32.dll
0x000007feff060000 - 0x000007feff068000 	C:\Windows\system32\NSI.dll
0x000007fefb160000 - 0x000007fefb19b000 	C:\Windows\system32\WINMM.dll
0x000007fefc370000 - 0x000007fefc37c000 	C:\Windows\system32\VERSION.dll
0x0000000076fa0000 - 0x0000000076fa7000 	C:\Windows\system32\PSAPI.DLL
0x0000000070840000 - 0x000000007084f000 	C:\Program Files\Java\jre1.8.0_171\bin\verify.dll
0x0000000063490000 - 0x00000000634b9000 	C:\Program Files\Java\jre1.8.0_171\bin\java.dll
0x0000000064760000 - 0x0000000064776000 	C:\Program Files\Java\jre1.8.0_171\bin\zip.dll
0x000007fefd620000 - 0x000007fefe3ab000 	C:\Windows\system32\SHELL32.dll
0x000007fefe5f0000 - 0x000007fefe7ef000 	C:\Windows\system32\ole32.dll
0x000007fefd250000 - 0x000007fefd25f000 	C:\Windows\system32\profapi.dll
0x000007fef7c00000 - 0x000007fef7c0f000 	G:\project\java_workspase\jni\jni_demo1\JNI_Demo1.dll
0x000007feeaa70000 - 0x000007feeac81000 	C:\Windows\system32\MSVCR120D.dll
0x000007fefca50000 - 0x000007fefca68000 	C:\Windows\system32\CRYPTSP.dll
0x000007fefc750000 - 0x000007fefc797000 	C:\Windows\system32\rsaenh.dll
0x000007fefc550000 - 0x000007fefc56f000 	C:\Windows\system32\USERENV.dll
0x000007fefd140000 - 0x000007fefd14f000 	C:\Windows\system32\CRYPTBASE.dll
0x0000000077140000 - 0x000000007715a000 	C:\Program Files\Java\jre1.8.0_171\bin\net.dll
0x000007fefc9f0000 - 0x000007fefca45000 	C:\Windows\system32\mswsock.dll
0x000007fefc9e0000 - 0x000007fefc9e7000 	C:\Windows\System32\wship6.dll
0x000007fefa600000 - 0x000007fefa627000 	C:\Windows\system32\IPHLPAPI.DLL
0x000007fefa5f0000 - 0x000007fefa5fb000 	C:\Windows\system32\WINNSI.DLL
0x000007fefa420000 - 0x000007fefa431000 	C:\Windows\system32\dhcpcsvc6.DLL
0x000007fefa400000 - 0x000007fefa418000 	C:\Windows\system32\dhcpcsvc.DLL
0x0000000070150000 - 0x0000000070161000 	C:\Program Files\Java\jre1.8.0_171\bin\nio.dll
0x000007fef9470000 - 0x000007fef9595000 	C:\Windows\system32\dbghelp.dll

VM Arguments:
jvm_args: -Dfile.encoding=GBK 
java_command: JniMain
java_class_path (initial): G:\project\java_workspase\jni\jni_demo1\bin
Launcher Type: SUN_STANDARD

Environment Variables:
JAVA_HOME=C:\Program Files\Java\jdk1.8.0_171
CLASSPATH=.;C:\Program Files\Java\jdk1.8.0_171\lib;C:\Program Files\Java\jdk1.8.0_171\lib\tools.jar
PATH=C:/Program Files/Java/jre1.8.0_171/bin/server;C:/Program Files/Java/jre1.8.0_171/bin;C:/Program Files/Java/jre1.8.0_171/lib/amd64;D:\Program Files\xftp6\;C:\Program Files (x86)\Common Files\Oracle\Java\javapath;C:\Windows\system32;C:\Windows;C:\Windows\System32\Wbem;C:\Windows\System32\WindowsPowerShell\v1.0\;C:\Program Files\TortoiseSVN\bin;C:\Users\Administrator\AppData\Local\Android\Sdk\platform-tools;C:\Users\Administrator\AppData\Local\Android\Sdk\tools;C:\Program Files\Java\jdk1.8.0_171\bin;C:\Program Files\Java\jdk1.8.0_171\jre\bin;C:\Program Files\Git\cmd;C:\Go\bin;C:\Python27;D:\flutter_windows_v1.2.1-beta\flutter\bin;C:\Program Files (x86)\Windows Kits\8.1\Windows Performance Toolkit\;C:\Program Files\Microsoft SQL Server\110\Tools\Binn\;D:\apache-tomcat-8.5.33\bin;C:\Users\Administrator\AppData\Local\Android\Sdk\build-tools\28.0.3;C:\Program Files\Android\Android Studio\gradle\gradle-5.1.1\bin;C:\Python\Python37-32\Scripts\;C:\Python\Python37-32\;C:\Users\Administrator\go\bin;C:\Users\Administrator\Desktop;
USERNAME=Administrator
OS=Windows_NT
PROCESSOR_IDENTIFIER=Intel64 Family 6 Model 158 Stepping 9, GenuineIntel



---------------  S Y S T E M  ---------------

OS: Windows 7 , 64 bit Build 7601 (6.1.7601.24524)

CPU:total 4 (initial active 4) (4 cores per cpu, 1 threads per core) family 6 model 158 stepping 9, cmov, cx8, fxsr, mmx, sse, sse2, sse3, ssse3, sse4.1, sse4.2, popcnt, avx, avx2, aes, clmul, erms, rtm, 3dnowpref, lzcnt, tsc, tscinvbit, bmi1, bmi2, adx

Memory: 4k page, physical 8273876k(3999808k free), swap 16545852k(6410928k free)

vm_info: Java HotSpot(TM) 64-Bit Server VM (25.171-b11) for windows-amd64 JRE (1.8.0_171-b11), built on Mar 28 2018 16:06:12 by "java_re" with MS VC++ 10.0 (VS2010)

time: Tue Mar 10 11:18:02 2020
elapsed time: 0 seconds (0d 0h 0m 0s)

