#
# A fatal error has been detected by the Java Runtime Environment:
#
#  EXCEPTION_ACCESS_VIOLATION (0xc0000005) at pc=0x000000007693d594, pid=3472, tid=8892
#
# JRE version: Java(TM) SE Runtime Environment (8.0_60-b27) (build 1.8.0_60-b27)
# Java VM: Java HotSpot(TM) 64-Bit Server VM (25.60-b23 mixed mode windows-amd64 compressed oops)
# Problematic frame:
# V  [jvm.dll+0x13d594]
#
# Failed to write core dump. Minidumps are not enabled by default on client versions of Windows
#
# If you would like to submit a bug report, please visit:
#   http://bugreport.java.com/bugreport/crash.jsp
#

---------------  T H R E A D  ---------------

Current thread (0x00000000032d1000):  JavaThread "main" [_thread_in_vm, id=8892, stack(0x00000000031d0000,0x00000000032d0000)]

siginfo: ExceptionCode=0xc0000005, reading address 0x0000000000000000

Registers:
RAX=0x0000000000000000, RBX=0x00000000032d1000, RCX=0x00000000032d1000, RDX=0x0000000780aba4a0
RSP=0x00000000032cf440, RBP=0x00000000032cf560, RSI=0x0000000000000002, RDI=0x0000000000000000
R8 =0x0000000000000000, R9 =0x0000000002e679d0, R10=0x000000001a2f0088, R11=0x00000000032cf470
R12=0x0000000000000000, R13=0x000000001a2f0718, R14=0x00000000032cf580, R15=0x00000000032d1000
RIP=0x000000007693d594, EFLAGS=0x0000000000010206

Top of Stack: (sp=0x00000000032cf440)
0x00000000032cf440:   000000001a2f0088 00000000032d1000
0x00000000032cf450:   00000000032d1000 0000000000000000
0x00000000032cf460:   00000000032cf560 00000000768ba016
0x00000000032cf470:   00000000032d1000 00000000032d1860
0x00000000032cf480:   0000000000000a11 0000000076dfc580
0x00000000032cf490:   00000000032cf4e0 00007ffe60181358
0x00000000032cf4a0:   000000001a2f0718 00000000032cf560
0x00000000032cf4b0:   0000000000000002 cccccccccccccccc
0x00000000032cf4c0:   000000001a8da4c0 0000000000000000
0x00000000032cf4d0:   cccccccccccccccc cccccccccccccccc
0x00000000032cf4e0:   00000000033e7ced 00000000033f5e34
0x00000000032cf4f0:   00000000032d11f8 00000000032cf580
0x00000000032cf500:   0000000000000002 00000000032d1000
0x00000000032cf510:   00000000032cf5e0 00000000033f5b62
0x00000000032cf520:   00000000032cf520 000000001a2f0718
0x00000000032cf530:   00000000032cf580 000000001a2f08b8 

Instructions: (pc=0x000000007693d594)
0x000000007693d574:   4c 8b 0f 45 33 c0 33 d2 48 8b cb c6 44 24 28 01
0x000000007693d584:   48 89 7c 24 20 e8 22 ce 07 00 48 83 7c 24 38 00
0x000000007693d594:   48 8b 07 48 63 57 10 48 8b 48 68 8b 34 0a 74 0a
0x000000007693d5a4:   48 8d 4c 24 30 e8 02 bd 13 00 48 8b 7b 48 48 8b 


Register to memory mapping:

RAX=0x0000000000000000 is an unknown value
RBX=0x00000000032d1000 is a thread
RCX=0x00000000032d1000 is a thread
RDX=0x0000000780aba4a0 is an oop
java.lang.NoSuchFieldError 
 - klass: 'java/lang/NoSuchFieldError'
RSP=0x00000000032cf440 is pointing into the stack for thread: 0x00000000032d1000
RBP=0x00000000032cf560 is pointing into the stack for thread: 0x00000000032d1000
RSI=0x0000000000000002 is an unknown value
RDI=0x0000000000000000 is an unknown value
R8 =0x0000000000000000 is an unknown value
R9 =0x0000000002e679d0 is an unknown value
R10=0x000000001a2f0088 is pointing into metadata
R11=0x00000000032cf470 is pointing into the stack for thread: 0x00000000032d1000
R12=0x0000000000000000 is an unknown value
R13={method} {0x000000001a2f0720} 'accessStaticFieldModify' '()V' in 'JniMain'
R14=0x00000000032cf580 is pointing into the stack for thread: 0x00000000032d1000
R15=0x00000000032d1000 is a thread


Stack: [0x00000000031d0000,0x00000000032d0000],  sp=0x00000000032cf440,  free space=1021k
Native frames: (J=compiled Java code, j=interpreted, Vv=VM code, C=native code)
V  [jvm.dll+0x13d594]
C  [JNI_Demo1.dll+0x1358]  Java_JniMain_accessStaticFieldModify+0x88
C  0x00000000033f5e34

Java frames: (J=compiled Java code, j=interpreted, Vv=VM code)
j  JniMain.accessStaticFieldModify()V+0
j  JniMain.main([Ljava/lang/String;)V+107
v  ~StubRoutines::call_stub

---------------  P R O C E S S  ---------------

Java Threads: ( => current thread )
  0x000000001ca5d000 JavaThread "Service Thread" daemon [_thread_blocked, id=6460, stack(0x000000001d330000,0x000000001d430000)]
  0x000000001c9cb000 JavaThread "C1 CompilerThread3" daemon [_thread_blocked, id=5464, stack(0x000000001d230000,0x000000001d330000)]
  0x000000001c9c7800 JavaThread "C2 CompilerThread2" daemon [_thread_blocked, id=4728, stack(0x000000001d130000,0x000000001d230000)]
  0x000000001c9b8800 JavaThread "C2 CompilerThread1" daemon [_thread_blocked, id=9060, stack(0x000000001d030000,0x000000001d130000)]
  0x000000001c9b6800 JavaThread "C2 CompilerThread0" daemon [_thread_blocked, id=10276, stack(0x000000001cf30000,0x000000001d030000)]
  0x000000001c9b2800 JavaThread "Attach Listener" daemon [_thread_blocked, id=5988, stack(0x000000001ce30000,0x000000001cf30000)]
  0x000000001c965800 JavaThread "Signal Dispatcher" daemon [_thread_blocked, id=1588, stack(0x000000001cd30000,0x000000001ce30000)]
  0x00000000033c9000 JavaThread "Finalizer" daemon [_thread_blocked, id=11124, stack(0x000000001c7c0000,0x000000001c8c0000)]
  0x00000000033c2000 JavaThread "Reference Handler" daemon [_thread_blocked, id=9860, stack(0x000000001c6c0000,0x000000001c7c0000)]
=>0x00000000032d1000 JavaThread "main" [_thread_in_vm, id=8892, stack(0x00000000031d0000,0x00000000032d0000)]

Other Threads:
  0x000000001a8d9000 VMThread [stack: 0x000000001c5c0000,0x000000001c6c0000] [id=948]
  0x000000001cad0800 WatcherThread [stack: 0x000000001d430000,0x000000001d530000] [id=7212]

VM state:not at safepoint (normal execution)

VM Mutex/Monitor currently owned by a thread: None

Heap:
 PSYoungGen      total 57344K, used 2949K [0x0000000780a00000, 0x0000000784a00000, 0x00000007c0000000)
  eden space 49152K, 6% used [0x0000000780a00000,0x0000000780ce1550,0x0000000783a00000)
  from space 8192K, 0% used [0x0000000784200000,0x0000000784200000,0x0000000784a00000)
  to   space 8192K, 0% used [0x0000000783a00000,0x0000000783a00000,0x0000000784200000)
 ParOldGen       total 131072K, used 0K [0x0000000701e00000, 0x0000000709e00000, 0x0000000780a00000)
  object space 131072K, 0% used [0x0000000701e00000,0x0000000701e00000,0x0000000709e00000)
 Metaspace       used 2564K, capacity 4486K, committed 4864K, reserved 1056768K
  class space    used 285K, capacity 386K, committed 512K, reserved 1048576K

Card table byte_map: [0x00000000127a0000,0x0000000012da0000] byte_map_base: 0x000000000ef91000

Marking Bits: (ParMarkBitMap*) 0x000000007700a5b0
 Begin Bits: [0x00000000139a0000, 0x0000000016928000)
 End Bits:   [0x0000000016928000, 0x00000000198b0000)

Polling page: 0x0000000002e50000

CodeCache: size=245760Kb used=1109Kb max_used=1109Kb free=244650Kb
 bounds [0x00000000033e0000, 0x0000000003650000, 0x00000000123e0000]
 total_blobs=264 nmethods=30 adapters=148
 compilation: enabled

Compilation events (10 events):
Event: 0.075 Thread 0x000000001c9cb000   26       3       java.lang.String::indexOf (7 bytes)
Event: 0.075 Thread 0x000000001c9cb000 nmethod 26 0x00000000034f3450 code [0x00000000034f35c0, 0x00000000034f37c8]
Event: 0.077 Thread 0x000000001c9cb000   27       3       java.lang.StringBuilder::append (8 bytes)
Event: 0.078 Thread 0x000000001c9cb000 nmethod 27 0x00000000034f4050 code [0x00000000034f41c0, 0x00000000034f4348]
Event: 0.080 Thread 0x000000001c9cb000   28       3       sun.nio.cs.ext.DoubleByte$Encoder::encodeChar (21 bytes)
Event: 0.080 Thread 0x000000001c9cb000 nmethod 28 0x00000000034f43d0 code [0x00000000034f4540, 0x00000000034f46f0]
Event: 0.081 Thread 0x000000001c9cb000   29       3       java.lang.System::getSecurityManager (4 bytes)
Event: 0.081 Thread 0x000000001c9cb000 nmethod 29 0x00000000034f4850 code [0x00000000034f49a0, 0x00000000034f4af0]
Event: 0.081 Thread 0x000000001c9cb000   30       3       java.io.WinNTFileSystem::normalize (143 bytes)
Event: 0.082 Thread 0x000000001c9cb000 nmethod 30 0x00000000034f4b50 code [0x00000000034f4d40, 0x00000000034f5568]

GC Heap History (0 events):
No events

Deoptimization events (0 events):
No events

Internal exceptions (3 events):
Event: 0.033 Thread 0x00000000032d1000 Exception <a 'java/lang/NoSuchMethodError': Method sun.misc.Unsafe.defineClass(Ljava/lang/String;[BII)Ljava/lang/Class; name or signature does not match> (0x0000000780a13050) thrown at [C:\re\workspace\8-2-build-windows-amd64-cygwin\jdk8u60\4407\hotspot\sr€˜P–ø ?
Event: 0.033 Thread 0x00000000032d1000 Exception <a 'java/lang/NoSuchMethodError': Method sun.misc.Unsafe.prefetchRead(Ljava/lang/Object;J)V name or signature does not match> (0x0000000780a13338) thrown at [C:\re\workspace\8-2-build-windows-amd64-cygwin\jdk8u60\4407\hotspot\src\share\vm\prims\j˜p×©Œµ?
Event: 0.084 Thread 0x00000000032d1000 Exception <a 'java/lang/NoSuchFieldError': count> (0x0000000780aba4a0) thrown at [C:\re\workspace\8-2-build-windows-amd64-cygwin\jdk8u60\4407\hotspot\src\share\vm\prims\jni.cpp, line 2577]

Events (10 events):
Event: 0.078 loading class sun/launcher/LauncherHelper$FXHelper
Event: 0.078 loading class sun/launcher/LauncherHelper$FXHelper done
Event: 0.078 loading class java/lang/Class$MethodArray
Event: 0.078 loading class java/lang/Class$MethodArray done
Event: 0.078 loading class java/lang/Void
Event: 0.078 loading class java/lang/Void done
Event: 0.078 loading class java/lang/ClassLoaderHelper
Event: 0.078 loading class java/lang/ClassLoaderHelper done
Event: 0.084 loading class java/lang/NoSuchFieldError
Event: 0.084 loading class java/lang/NoSuchFieldError done


Dynamic libraries:
0x00007ff66c290000 - 0x00007ff66c2c7000 	C:\Program Files\Java\jre1.8.0_60\bin\javaw.exe
0x00007ffe6d780000 - 0x00007ffe6d951000 	C:\WINDOWS\SYSTEM32\ntdll.dll
0x00007ffe6b570000 - 0x00007ffe6b61b000 	C:\WINDOWS\System32\KERNEL32.DLL
0x00007ffe69a20000 - 0x00007ffe69c3d000 	C:\WINDOWS\System32\KERNELBASE.dll
0x00007ffe6d670000 - 0x00007ffe6d712000 	C:\WINDOWS\System32\ADVAPI32.dll
0x00007ffe6bbd0000 - 0x00007ffe6bc6e000 	C:\WINDOWS\System32\msvcrt.dll
0x00007ffe6aec0000 - 0x00007ffe6af19000 	C:\WINDOWS\System32\sechost.dll
0x00007ffe6b650000 - 0x00007ffe6b771000 	C:\WINDOWS\System32\RPCRT4.dll
0x00007ffe6b9f0000 - 0x00007ffe6bb55000 	C:\WINDOWS\System32\USER32.dll
0x00007ffe69de0000 - 0x00007ffe69dfe000 	C:\WINDOWS\System32\win32u.dll
0x00007ffe6b050000 - 0x00007ffe6b084000 	C:\WINDOWS\System32\GDI32.dll
0x00007ffe6a8e0000 - 0x00007ffe6aa62000 	C:\WINDOWS\System32\gdi32full.dll
0x00007ffe61ba0000 - 0x00007ffe61e19000 	C:\WINDOWS\WinSxS\amd64_microsoft.windows.common-controls_6595b64144ccf1df_6.0.14393.447_none_42191651c6827bb3\COMCTL32.dll
0x00007ffe6bdb0000 - 0x00007ffe6c078000 	C:\WINDOWS\System32\combase.dll
0x00007ffe6a710000 - 0x00007ffe6a805000 	C:\WINDOWS\System32\ucrtbase.dll
0x00007ffe6a870000 - 0x00007ffe6a8da000 	C:\WINDOWS\System32\bcryptPrimitives.dll
0x00007ffe6af20000 - 0x00007ffe6af4e000 	C:\WINDOWS\System32\IMM32.DLL
0x0000000076570000 - 0x0000000076642000 	C:\Program Files\Java\jre1.8.0_60\bin\msvcr100.dll
0x0000000076800000 - 0x0000000077089000 	C:\Program Files\Java\jre1.8.0_60\bin\server\jvm.dll
0x00007ffe6aa70000 - 0x00007ffe6aa93000 	C:\WINDOWS\System32\WINMM.dll
0x00007ffe699e0000 - 0x00007ffe69a0b000 	C:\WINDOWS\System32\WINMMBASE.dll
0x00007ffe69c40000 - 0x00007ffe69c82000 	C:\WINDOWS\System32\cfgmgr32.dll
0x00007ffe6b4c0000 - 0x00007ffe6b4c8000 	C:\WINDOWS\System32\PSAPI.DLL
0x00007ffe66fd0000 - 0x00007ffe66fd9000 	C:\WINDOWS\SYSTEM32\WSOCK32.dll
0x00007ffe68740000 - 0x00007ffe6874a000 	C:\WINDOWS\SYSTEM32\VERSION.dll
0x00007ffe6bb60000 - 0x00007ffe6bbca000 	C:\WINDOWS\System32\WS2_32.dll
0x0000000050000000 - 0x000000005000f000 	C:\Program Files\Java\jre1.8.0_60\bin\verify.dll
0x00000000767d0000 - 0x00000000767f9000 	C:\Program Files\Java\jre1.8.0_60\bin\java.dll
0x00000000767b0000 - 0x00000000767c6000 	C:\Program Files\Java\jre1.8.0_60\bin\zip.dll
0x00007ffe6c0a0000 - 0x00007ffe6d5a9000 	C:\WINDOWS\System32\SHELL32.dll
0x00007ffe69e00000 - 0x00007ffe6a4da000 	C:\WINDOWS\System32\windows.storage.dll
0x00007ffe6a6b0000 - 0x00007ffe6a6fc000 	C:\WINDOWS\System32\powrprof.dll
0x00007ffe6d720000 - 0x00007ffe6d772000 	C:\WINDOWS\System32\shlwapi.dll
0x00007ffe699d0000 - 0x00007ffe699df000 	C:\WINDOWS\System32\kernel.appcore.dll
0x00007ffe69c90000 - 0x00007ffe69d39000 	C:\WINDOWS\System32\shcore.dll
0x00007ffe699b0000 - 0x00007ffe699c4000 	C:\WINDOWS\System32\profapi.dll
0x00007ffe60180000 - 0x00007ffe6018f000 	K:\java workspase\jni\jni_demo1\JNI_Demo1.dll
0x00007ffe46260000 - 0x00007ffe46471000 	C:\WINDOWS\SYSTEM32\MSVCR120D.dll
0x00007ffe58740000 - 0x00007ffe588d2000 	C:\WINDOWS\SYSTEM32\dbghelp.dll

VM Arguments:
jvm_args: -Dfile.encoding=GBK 
java_command: JniMain
java_class_path (initial): K:\java workspase\jni\jni_demo1\bin
Launcher Type: SUN_STANDARD

Environment Variables:
JAVA_HOME=C:\Program Files\Java\jdk1.8.0_60
CLASSPATH=.;C:\Program Files\Java\jdk1.8.0_60\lib;C:\Program Files\Java\jdk1.8.0_60\lib\tools.jar
PATH=C:/Program Files/Java/jre1.8.0_60/bin/server;C:/Program Files/Java/jre1.8.0_60/bin;C:/Program Files/Java/jre1.8.0_60/lib/amd64;C:\Python\Python35\Lib\site-packages\PyQt5;C:\ProgramData\Oracle\Java\javapath;C:\WINDOWS\system32;C:\WINDOWS;C:\WINDOWS\System32\Wbem;C:\WINDOWS\System32\WindowsPowerShell\v1.0\;C:\Program Files\TortoiseSVN\bin;C:\Program Files\Git\cmd;C:\Users\luoling\AppData\Roaming\nvm;C:\Program Files\nodejs;C:\Program Files\Java\jdk1.8.0_60\bin;C:\Program Files (x86)\Windows Kits\8.1\Windows Performance Toolkit\;C:\Program Files\Microsoft SQL Server\110\Tools\Binn\;C:\Python\Python35\Scripts;K:\sdk_as\platform-tools;C:\Program Files (x86)\GtkSharp\2.12\bin;C:\Python\Python35\Scripts\;C:\Python\Python35\;C:\Users\luoling\AppData\Local\Programs\Python\Python36-32\Scripts\;C:\Users\luoling\AppData\Local\Programs\Python\Python36-32\;C:\Users\luoling\AppData\Local\Microsoft\WindowsApps;C:\Users\luoling\AppData\Roaming\nvm;C:\Program Files\nodejs;K:\android_tool\sdk+adt\eclipsepackage\eclipse-jee-mars-1-win32-x86_64\eclipse;
USERNAME=luoling
OS=Windows_NT
PROCESSOR_IDENTIFIER=Intel64 Family 6 Model 60 Stepping 3, GenuineIntel



---------------  S Y S T E M  ---------------

OS: Windows 10.0 , 64 bit Build 14393 (10.0.14393.0)

CPU:total 8 (4 cores per cpu, 2 threads per core) family 6 model 60 stepping 3, cmov, cx8, fxsr, mmx, sse, sse2, sse3, ssse3, sse4.1, sse4.2, popcnt, avx, avx2, aes, clmul, erms, lzcnt, ht, tsc, tscinvbit, bmi1, bmi2

Memory: 4k page, physical 12458912k(7119064k free), swap 13245344k(5220260k free)

vm_info: Java HotSpot(TM) 64-Bit Server VM (25.60-b23) for windows-amd64 JRE (1.8.0_60-b27), built on Aug  4 2015 11:06:27 by "java_re" with MS VC++ 10.0 (VS2010)

time: Fri Mar 06 21:56:00 2020
elapsed time: 0 seconds (0d 0h 0m 0s)

